
=== R=150.0 RECD seed=1 ===
[RECD] round 1/25 acc=0.2296 cov=0.279 succ=51/54 (5s)
[RECD] round 5/25 acc=0.4579 cov=0.752 succ=62/64 (15s)
[RECD] round 10/25 acc=0.5167 cov=0.891 succ=82/82 (28s)
[RECD] round 15/25 acc=0.5331 cov=0.961 succ=58/60 (41s)
[RECD] round 20/25 acc=0.5347 cov=0.984 succ=48/54 (53s)
[RECD] round 25/25 acc=0.5361 cov=0.984 succ=49/51 (66s)

=== R=150.0 RECD seed=2 ===
[RECD] round 1/25 acc=0.2298 cov=0.269 succ=53/54 (3s)
[RECD] round 5/25 acc=0.4658 cov=0.679 succ=65/67 (14s)
[RECD] round 10/25 acc=0.5263 cov=0.888 succ=80/80 (27s)
[RECD] round 15/25 acc=0.5439 cov=0.925 succ=70/70 (40s)
[RECD] round 20/25 acc=0.5521 cov=0.963 succ=52/60 (53s)
[RECD] round 25/25 acc=0.5491 cov=0.963 succ=64/67 (66s)

=== R=150.0 DFL-Gossip seed=1 ===
[DFL-Gossip] round 1/25 acc=0.2328 cov=0.581 succ=108/120 (4s)
[DFL-Gossip] round 5/25 acc=0.4575 cov=0.876 succ=90/107 (14s)
[DFL-Gossip] round 10/25 acc=0.5057 cov=0.992 succ=114/118 (26s)
[DFL-Gossip] round 15/25 acc=0.5287 cov=1.000 succ=91/114 (38s)
[DFL-Gossip] round 20/25 acc=0.5294 cov=1.000 succ=99/130 (51s)
[DFL-Gossip] round 25/25 acc=0.5423 cov=1.000 succ=99/121 (64s)

=== R=150.0 DFL-Gossip seed=2 ===
[DFL-Gossip] round 1/25 acc=0.2319 cov=0.507 succ=106/122 (4s)
[DFL-Gossip] round 5/25 acc=0.4538 cov=0.821 succ=85/103 (15s)
[DFL-Gossip] round 10/25 acc=0.5276 cov=0.978 succ=119/126 (28s)
[DFL-Gossip] round 15/25 acc=0.5444 cov=0.993 succ=98/121 (41s)
[DFL-Gossip] round 20/25 acc=0.5553 cov=0.993 succ=100/132 (53s)
[DFL-Gossip] round 25/25 acc=0.5606 cov=0.993 succ=102/125 (66s)

=== R=150.0 LRU-Random seed=1 ===
[LRU-Random] round 1/25 acc=0.2348 cov=0.419 succ=87/99 (4s)
[LRU-Random] round 5/25 acc=0.4565 cov=0.837 succ=99/135 (14s)
[LRU-Random] round 10/25 acc=0.5193 cov=0.992 succ=137/147 (26s)
[LRU-Random] round 15/25 acc=0.5343 cov=1.000 succ=110/150 (40s)
[LRU-Random] round 20/25 acc=0.5345 cov=1.000 succ=102/156 (54s)
[LRU-Random] round 25/25 acc=0.5347 cov=1.000 succ=111/150 (67s)

=== R=150.0 LRU-Random seed=2 ===
[LRU-Random] round 1/25 acc=0.2191 cov=0.418 succ=88/102 (4s)
[LRU-Random] round 5/25 acc=0.4567 cov=0.836 succ=99/134 (15s)
[LRU-Random] round 10/25 acc=0.5310 cov=0.963 succ=141/147 (28s)
[LRU-Random] round 15/25 acc=0.5442 cov=0.993 succ=115/150 (40s)
[LRU-Random] round 20/25 acc=0.5537 cov=0.993 succ=106/156 (54s)
[LRU-Random] round 25/25 acc=0.5613 cov=0.993 succ=112/150 (67s)

=== R=150.0 Mobility-Greedy seed=1 ===
[Mobility-Greedy] round 1/25 acc=0.2158 cov=0.543 succ=103/108 (4s)
[Mobility-Greedy] round 5/25 acc=0.4475 cov=0.853 succ=87/89 (13s)
[Mobility-Greedy] round 10/25 acc=0.5235 cov=0.977 succ=112/113 (24s)
[Mobility-Greedy] round 15/25 acc=0.5437 cov=0.977 succ=89/102 (36s)
[Mobility-Greedy] round 20/25 acc=0.5520 cov=1.000 succ=90/94 (49s)
[Mobility-Greedy] round 25/25 acc=0.5429 cov=1.000 succ=96/99 (62s)

=== R=150.0 Mobility-Greedy seed=2 ===
[Mobility-Greedy] round 1/25 acc=0.2314 cov=0.440 succ=106/111 (4s)
[Mobility-Greedy] round 5/25 acc=0.4631 cov=0.813 succ=86/87 (14s)
[Mobility-Greedy] round 10/25 acc=0.5278 cov=0.940 succ=112/114 (26s)
[Mobility-Greedy] round 15/25 acc=0.5422 cov=0.978 succ=98/112 (39s)
[Mobility-Greedy] round 20/25 acc=0.5538 cov=0.978 succ=97/100 (52s)
[Mobility-Greedy] round 25/25 acc=0.5636 cov=0.985 succ=97/105 (63s)

=== R=60.0 RECD seed=1 ===
[RECD] round 1/25 acc=0.2356 cov=0.194 succ=34/34 (4s)
[RECD] round 5/25 acc=0.4719 cov=0.612 succ=43/51 (13s)
[RECD] round 10/25 acc=0.5238 cov=0.806 succ=72/72 (26s)
[RECD] round 15/25 acc=0.5395 cov=0.884 succ=34/37 (39s)
[RECD] round 20/25 acc=0.5320 cov=0.946 succ=45/47 (52s)
[RECD] round 25/25 acc=0.5310 cov=0.977 succ=25/32 (65s)

=== R=60.0 RECD seed=2 ===
[RECD] round 1/25 acc=0.2366 cov=0.231 succ=37/37 (4s)
[RECD] round 5/25 acc=0.4761 cov=0.567 succ=44/52 (15s)
[RECD] round 10/25 acc=0.5426 cov=0.813 succ=78/78 (28s)
[RECD] round 15/25 acc=0.5478 cov=0.866 succ=37/39 (42s)
[RECD] round 20/25 acc=0.5486 cov=0.933 succ=43/47 (54s)
[RECD] round 25/25 acc=0.5565 cov=0.955 succ=34/44 (68s)

=== R=60.0 DFL-Gossip seed=1 ===
[DFL-Gossip] round 1/25 acc=0.2370 cov=0.388 succ=58/66 (4s)
[DFL-Gossip] round 5/25 acc=0.4673 cov=0.744 succ=69/74 (13s)
[DFL-Gossip] round 10/25 acc=0.5079 cov=0.868 succ=76/79 (25s)
[DFL-Gossip] round 15/25 acc=0.5175 cov=0.922 succ=33/36 (37s)
[DFL-Gossip] round 20/25 acc=0.5259 cov=0.977 succ=60/60 (49s)
[DFL-Gossip] round 25/25 acc=0.5234 cov=0.977 succ=42/59 (62s)

=== R=60.0 DFL-Gossip seed=2 ===
[DFL-Gossip] round 1/25 acc=0.2315 cov=0.388 succ=66/68 (4s)
[DFL-Gossip] round 5/25 acc=0.4534 cov=0.694 succ=65/70 (14s)
[DFL-Gossip] round 10/25 acc=0.5321 cov=0.828 succ=77/82 (26s)
[DFL-Gossip] round 15/25 acc=0.5431 cov=0.910 succ=43/48 (39s)
[DFL-Gossip] round 20/25 acc=0.5496 cov=0.955 succ=60/66 (52s)
[DFL-Gossip] round 25/25 acc=0.5547 cov=0.970 succ=48/64 (64s)

=== R=60.0 LRU-Random seed=1 ===
[LRU-Random] round 1/25 acc=0.2285 cov=0.279 succ=58/67 (4s)
[LRU-Random] round 5/25 acc=0.4620 cov=0.721 succ=85/94 (14s)
[LRU-Random] round 10/25 acc=0.5138 cov=0.829 succ=105/112 (26s)
[LRU-Random] round 15/25 acc=0.5246 cov=0.907 succ=61/71 (38s)
[LRU-Random] round 20/25 acc=0.5328 cov=0.946 succ=99/108 (51s)
[LRU-Random] round 25/25 acc=0.5275 cov=0.969 succ=62/87 (78s)

=== R=60.0 LRU-Random seed=2 ===
[LRU-Random] round 1/25 acc=0.2360 cov=0.328 succ=64/69 (4s)
[LRU-Random] round 5/25 acc=0.4687 cov=0.687 succ=80/93 (15s)
[LRU-Random] round 10/25 acc=0.5312 cov=0.866 succ=106/116 (29s)
[LRU-Random] round 15/25 acc=0.5493 cov=0.918 succ=60/72 (41s)
[LRU-Random] round 20/25 acc=0.5476 cov=0.955 succ=98/108 (53s)
[LRU-Random] round 25/25 acc=0.5544 cov=0.970 succ=68/87 (66s)

=== R=60.0 Mobility-Greedy seed=1 ===
[Mobility-Greedy] round 1/25 acc=0.2272 cov=0.395 succ=60/60 (4s)
[Mobility-Greedy] round 5/25 acc=0.4568 cov=0.744 succ=71/71 (14s)
[Mobility-Greedy] round 10/25 acc=0.5145 cov=0.868 succ=72/72 (28s)
[Mobility-Greedy] round 15/25 acc=0.5220 cov=0.915 succ=33/33 (40s)
[Mobility-Greedy] round 20/25 acc=0.5465 cov=0.961 succ=58/58 (52s)
[Mobility-Greedy] round 25/25 acc=0.5408 cov=0.961 succ=44/47 (64s)

=== R=60.0 Mobility-Greedy seed=2 ===
[Mobility-Greedy] round 1/25 acc=0.2461 cov=0.396 succ=66/66 (4s)
[Mobility-Greedy] round 5/25 acc=0.4614 cov=0.687 succ=63/63 (14s)
[Mobility-Greedy] round 10/25 acc=0.5257 cov=0.836 succ=77/79 (27s)
[Mobility-Greedy] round 15/25 acc=0.5483 cov=0.903 succ=42/42 (39s)
[Mobility-Greedy] round 20/25 acc=0.5469 cov=0.963 succ=61/61 (51s)
[Mobility-Greedy] round 25/25 acc=0.5596 cov=0.963 succ=53/54 (63s)

===== HAR starve20%, R^V2V=150 m, R=25 rounds =====
method            acc_all  acc_starved   jain firstRecv    cov
RECD                 54.3         31.8  0.802      3.32   0.97
DFL-Gossip           55.1         33.7  0.800      1.66   1.00
LRU-Random           54.8         32.1  0.814      1.98   1.00
Mobility-Greedy      55.3         33.1  0.850      2.03   0.99

===== HAR starve20%, R^V2V=60 m, R=25 rounds =====
method            acc_all  acc_starved   jain firstRecv    cov
RECD                 54.4         32.4  0.682      4.96   0.97
DFL-Gossip           53.9         30.4  0.629      3.37   0.97
LRU-Random           54.1         30.4  0.718      3.64   0.97
Mobility-Greedy      55.0         31.7  0.706      3.19   0.96

saved results/diag_budget2.json
