
=== NoShare seed=1 ===
[NoShare] round 1/25 acc=0.1030 cov=0.000 succ=0/0 (4s)
[NoShare] round 5/25 acc=0.1807 cov=0.000 succ=0/0 (13s)
[NoShare] round 10/25 acc=0.2980 cov=0.000 succ=0/0 (23s)
[NoShare] round 15/25 acc=0.3445 cov=0.000 succ=0/0 (35s)
[NoShare] round 20/25 acc=0.3742 cov=0.000 succ=0/0 (46s)
[NoShare] round 25/25 acc=0.3945 cov=0.000 succ=0/0 (57s)

=== NoShare seed=2 ===
[NoShare] round 1/25 acc=0.1016 cov=0.000 succ=0/0 (3s)
[NoShare] round 5/25 acc=0.1759 cov=0.000 succ=0/0 (12s)
[NoShare] round 10/25 acc=0.2733 cov=0.000 succ=0/0 (24s)
[NoShare] round 15/25 acc=0.3145 cov=0.000 succ=0/0 (36s)
[NoShare] round 20/25 acc=0.3417 cov=0.000 succ=0/0 (49s)
[NoShare] round 25/25 acc=0.3666 cov=0.000 succ=0/0 (60s)

=== DFL-naive seed=1 ===
[DFL-Gossip] round 1/25 acc=0.1004 cov=0.638 succ=130/151 (3s)
[DFL-Gossip] round 5/25 acc=0.1447 cov=0.923 succ=118/151 (12s)
[DFL-Gossip] round 10/25 acc=0.2609 cov=1.000 succ=117/138 (23s)
[DFL-Gossip] round 15/25 acc=0.3011 cov=1.000 succ=120/142 (36s)
[DFL-Gossip] round 20/25 acc=0.3307 cov=1.000 succ=105/147 (47s)
[DFL-Gossip] round 25/25 acc=0.3494 cov=1.000 succ=120/147 (59s)

=== DFL-naive seed=2 ===
[DFL-Gossip] round 1/25 acc=0.1021 cov=0.566 succ=136/149 (3s)
[DFL-Gossip] round 5/25 acc=0.1411 cov=0.882 succ=119/153 (12s)
[DFL-Gossip] round 10/25 acc=0.2291 cov=1.000 succ=127/142 (24s)
[DFL-Gossip] round 15/25 acc=0.2819 cov=1.000 succ=119/143 (37s)
[DFL-Gossip] round 20/25 acc=0.3021 cov=1.000 succ=118/155 (50s)
[DFL-Gossip] round 25/25 acc=0.3237 cov=1.000 succ=128/152 (62s)

=== DFL-gated seed=1 ===
[DFL-Gossip] round 1/25 acc=0.1006 cov=0.638 succ=130/151 (3s)
[DFL-Gossip] round 5/25 acc=0.1663 cov=0.923 succ=118/151 (13s)
[DFL-Gossip] round 10/25 acc=0.2894 cov=1.000 succ=117/138 (26s)
[DFL-Gossip] round 15/25 acc=0.3405 cov=1.000 succ=120/142 (38s)
[DFL-Gossip] round 20/25 acc=0.3723 cov=1.000 succ=105/147 (51s)
[DFL-Gossip] round 25/25 acc=0.3920 cov=1.000 succ=120/147 (64s)

=== DFL-gated seed=2 ===
[DFL-Gossip] round 1/25 acc=0.1001 cov=0.566 succ=136/149 (3s)
[DFL-Gossip] round 5/25 acc=0.1691 cov=0.882 succ=119/153 (14s)
[DFL-Gossip] round 10/25 acc=0.2691 cov=1.000 succ=127/142 (26s)
[DFL-Gossip] round 15/25 acc=0.3118 cov=1.000 succ=119/143 (39s)
[DFL-Gossip] round 20/25 acc=0.3354 cov=1.000 succ=118/155 (52s)
[DFL-Gossip] round 25/25 acc=0.3569 cov=1.000 succ=128/152 (66s)

=== RECD-naive seed=1 ===
[RECD] round 1/25 acc=0.1011 cov=0.315 succ=60/60 (3s)
[RECD] round 5/25 acc=0.1598 cov=0.746 succ=70/72 (12s)
[RECD] round 10/25 acc=0.2712 cov=0.892 succ=87/87 (24s)
[RECD] round 15/25 acc=0.3067 cov=0.962 succ=68/75 (36s)
[RECD] round 20/25 acc=0.3384 cov=0.977 succ=53/53 (48s)
[RECD] round 25/25 acc=0.3521 cov=1.000 succ=63/66 (60s)

=== RECD-naive seed=2 ===
[RECD] round 1/25 acc=0.1013 cov=0.257 succ=58/62 (3s)
[RECD] round 5/25 acc=0.1481 cov=0.765 succ=76/78 (12s)
[RECD] round 10/25 acc=0.2377 cov=0.897 succ=91/91 (25s)
[RECD] round 15/25 acc=0.2907 cov=0.926 succ=69/76 (38s)
[RECD] round 20/25 acc=0.3159 cov=0.941 succ=58/63 (51s)
[RECD] round 25/25 acc=0.3293 cov=0.971 succ=65/66 (63s)

=== RECD-gated seed=1 ===
[RECD] round 1/25 acc=0.0994 cov=0.315 succ=60/60 (3s)
[RECD] round 5/25 acc=0.1736 cov=0.746 succ=70/72 (13s)
[RECD] round 10/25 acc=0.2880 cov=0.892 succ=87/87 (26s)
[RECD] round 15/25 acc=0.3422 cov=0.962 succ=68/75 (38s)
[RECD] round 20/25 acc=0.3739 cov=0.977 succ=53/53 (51s)
[RECD] round 25/25 acc=0.3903 cov=1.000 succ=63/66 (64s)

=== RECD-gated seed=2 ===
[RECD] round 1/25 acc=0.1009 cov=0.257 succ=58/62 (3s)
[RECD] round 5/25 acc=0.1705 cov=0.765 succ=76/78 (13s)
[RECD] round 10/25 acc=0.2718 cov=0.897 succ=91/91 (25s)
[RECD] round 15/25 acc=0.3139 cov=0.926 succ=69/76 (39s)
[RECD] round 20/25 acc=0.3458 cov=0.941 succ=58/63 (51s)
[RECD] round 25/25 acc=0.3704 cov=0.971 succ=65/66 (65s)

===== gated vs naive aggregation (starve 20%, R=25) =====
condition     acc_all  acc_starved  acc_fed    cov
NoShare          38.1         16.9     43.4   0.00
DFL-naive        33.7         18.2     37.5   1.00
DFL-gated        37.4         16.3     42.7   1.00
RECD-naive       34.1         18.5     38.0   0.99
RECD-gated       38.0         17.3     43.2   0.99

saved results/diag_gated.json
